c:\users\vicente\desktop\igr\practicas_gl\trabajo 2\release\vc143.pdb
c:\users\vicente\desktop\igr\practicas_gl\trabajo 2\release\jugador.obj
c:\users\vicente\desktop\igr\practicas_gl\trabajo 2\release\main.obj
c:\users\vicente\desktop\igr\practicas_gl\trabajo 2\release\entorno.obj
c:\users\vicente\desktop\igr\practicas_gl\trabajo 2\release\gear.obj
c:\users\vicente\desktop\igr\practicas_gl\trabajo 2\release\reloj.obj
c:\users\vicente\desktop\igr\practicas_gl\trabajo 2\trabajo 2.exe
c:\users\vicente\desktop\igr\practicas_gl\trabajo 2\trabajo 2.pdb
c:\users\vicente\desktop\igr\practicas_gl\trabajo 2\release\trabajo 2.ipdb
c:\users\vicente\desktop\igr\practicas_gl\trabajo 2\release\trabajo 2.iobj
c:\users\vicente\desktop\igr\practicas_gl\trabajo 2\release\rubik.obj
c:\users\vicente\desktop\igr\practicas_gl\trabajo 2\\trabajo 2.pdb
c:\users\vicente\desktop\igr\practicas_gl\trabajo 2\release\trabajo 2.tlog\cl.command.1.tlog
c:\users\vicente\desktop\igr\practicas_gl\trabajo 2\release\trabajo 2.tlog\cl.items.tlog
c:\users\vicente\desktop\igr\practicas_gl\trabajo 2\release\trabajo 2.tlog\cl.read.1.tlog
c:\users\vicente\desktop\igr\practicas_gl\trabajo 2\release\trabajo 2.tlog\cl.write.1.tlog
c:\users\vicente\desktop\igr\practicas_gl\trabajo 2\release\trabajo 2.tlog\link.command.1.tlog
c:\users\vicente\desktop\igr\practicas_gl\trabajo 2\release\trabajo 2.tlog\link.read.1.tlog
c:\users\vicente\desktop\igr\practicas_gl\trabajo 2\release\trabajo 2.tlog\link.secondary.1.tlog
c:\users\vicente\desktop\igr\practicas_gl\trabajo 2\release\trabajo 2.tlog\link.write.1.tlog
